Running 10 tests in 10 batches of 1 tests each...
Running test 1 of 10
[Script] Launching in checker mode
[Terraform] Launching terraform
[Terraform] Deleting previous VMs
[Terraform] Deleting only, skipping all.
[Script] Launching in flood mode
[Terraform] Launching terraform
[Terraform] Deleting previous VMs
[Terraform] Provisioning new VMs
vm_ids: 2000
vm_ips: 192.168.2.67
vm_disk_to_check_name: "local-lvm:vm-2000-disk-20" = "pve21"
[Ansible] Launching ansible
[Script] Launching in checker mode
[Terraform] Launching terraform
[Terraform] Deleting previous VMs
[Terraform] Provisioning new VMs
vm_ids: 2110
vm_ips: 192.168.2.148
[Ansible] Launching ansible
Test batch completed: 1 (tot: 1 / 10)
[20250123-13_45_22] windows IPs: 192.168.2.67
[20250123-13_45_22] checker IPs: 192.168.2.148
Running test 2 of 10
[Script] Launching in checker mode
[Terraform] Launching terraform
[Terraform] Deleting previous VMs
[Terraform] Deleting only, skipping all.
[Script] Launching in flood mode
[Terraform] Launching terraform
[Terraform] Deleting previous VMs
[Terraform] Provisioning new VMs
vm_ids: 2000
vm_ips: 192.168.2.146
vm_disk_to_check_name: "local-lvm:vm-2000-disk-20" = "pve21"
[Ansible] Launching ansible
[Script] Launching in checker mode
[Terraform] Launching terraform
[Terraform] Deleting previous VMs
[Terraform] Provisioning new VMs
vm_ids: 2110
vm_ips: 192.168.2.132
[Ansible] Launching ansible
Test batch completed: 2 (tot: 2 / 10)
[20250123-14_05_37] windows IPs: 192.168.2.146
[20250123-14_05_37] checker IPs: 192.168.2.132
Running test 3 of 10
[Script] Launching in checker mode
[Terraform] Launching terraform
[Terraform] Deleting previous VMs
[Terraform] Deleting only, skipping all.
[Script] Launching in flood mode
[Terraform] Launching terraform
[Terraform] Deleting previous VMs
[Terraform] Provisioning new VMs
vm_ids: 2000
vm_ips: 192.168.2.67
vm_disk_to_check_name: "local-lvm:vm-2000-disk-20" = "pve21"
[Ansible] Launching ansible
Test batch completed: 3 (tot: 3 / 10)
[20250123-14_09_30] windows IPs: 192.168.2.67
[20250123-14_09_30] checker IPs: 
Running test 4 of 10
[Script] Launching in checker mode
[Terraform] Launching terraform
[Terraform] Deleting previous VMs
[Terraform] Deleting only, skipping all.
[Script] Launching in flood mode
[Terraform] Launching terraform
[Terraform] Deleting previous VMs
[Terraform] Provisioning new VMs
[Error] No VMs were created. Please edit manually vm.txt and retry with -m.
Test batch completed: 4 (tot: 4 / 10)
[20250123-14_10_57] windows IPs: 
[20250123-14_10_57] checker IPs: 
Running test 5 of 10
[Script] Launching in checker mode
[Terraform] Launching terraform
[Terraform] Deleting previous VMs
[Terraform] Deleting only, skipping all.
[Script] Launching in flood mode
[Terraform] Launching terraform
[Terraform] Deleting previous VMs
[Terraform] Provisioning new VMs
