Running 7 tests in 4 batches of 2 tests each...
Running test 1 of 7
[Script] Launching in checker mode
[Terraform] Launching terraform
[Terraform] Deleting previous VMs
[Terraform] Deleting only, skipping all.
[Script] Launching in flood mode
[Terraform] Launching terraform
[Terraform] Deleting previous VMs
[Terraform] Provisioning new VMs
[Error] No VMs were created. Please edit manually vm.txt and retry with -m.
Test batch completed: 1 (tot: 2 / 7)
[20250122-11_56_13] windows IPs: 
[20250122-11_56_13] checker IPs: 
Running test 2 of 7
[Script] Launching in checker mode
[Terraform] Launching terraform
[Terraform] Deleting previous VMs
[Terraform] Deleting only, skipping all.
[Script] Launching in flood mode
[Terraform] Launching terraform
[Terraform] Deleting previous VMs
[Terraform] Provisioning new VMs
[Ansible] Launching ansible
Test batch completed: 2 (tot: 4 / 7)
[20250122-12_12_13] windows IPs: 192.168.2.65 192.168.2.220
[20250122-12_12_13] checker IPs: 
Running test 3 of 7
[Script] Launching in checker mode
[Terraform] Launching terraform
[Terraform] Deleting previous VMs
[Terraform] Deleting only, skipping all.
[Script] Launching in flood mode
[Terraform] Launching terraform
[Terraform] Deleting previous VMs
[Terraform] Provisioning new VMs
VM IPs: 192.168.2.27
VM IDs: 2000
Disk Names: "local-lvm:vm-2000-disk-20" = "pve21"
[Error] No VMs were created. Please edit manually vm.txt and retry with -m.
Test batch completed: 3 (tot: 6 / 7)
[20250122-12_15_23] windows IPs: 192.168.2.27
[20250122-12_15_23] checker IPs: 
Running test 4 of 7
[Script] Launching in checker mode
[Terraform] Launching terraform
[Terraform] Deleting previous VMs
[Terraform] Deleting only, skipping all.
[Script] Launching in flood mode
[Terraform] Launching terraform
[Terraform] Deleting previous VMs
[Terraform] Provisioning new VMs
VM IPs: 192.168.2.181
VM IDs: 2000
Disk Names: "local-lvm:vm-2000-disk-20" = "pve21"
[Error] No VMs were created. Please edit manually vm.txt and retry with -m.
Test batch completed: 4 (tot: 8 / 7)
[20250122-12_17_53] windows IPs: 192.168.2.181
[20250122-12_17_53] checker IPs: 
Completed tests: 8 / 7
