Running 1 tests in 1 batches of 4 tests each...
Running test 1 of 1
[Script] Launching in checker mode
[Terraform] Launching terraform
[Terraform] Deleting previous VMs
[Terraform] Deleting only, skipping all.
[Script] Launching in flood mode
[Terraform] Launching terraform
[Terraform] Deleting previous VMs
[Terraform] Provisioning new VMs
vm_ids: 2000
vm_ips: 192.168.2.123
vm_disk_to_check_name: "local-lvm:vm-2000-disk-21" = "pve21"
[Ansible] Launching ansible
[Script] Launching in checker mode
[Terraform] Launching terraform
[Terraform] Deleting previous VMs
[Terraform] Provisioning new VMs
vm_ids: 2110
vm_ips: 192.168.2.113
[Ansible] Launching ansible
Test batch completed: 1 (tot: 4 / 1)
[20250326-13_55_14] windows IPs: 192.168.2.123
[20250326-13_55_14] checker IPs: 192.168.2.113
Completed tests: 4 / 1
