Running 7 tests in 4 batches of 2 tests each...
Running test 1 of 7
[Script] Launching in checker mode
[Terraform] Launching terraform
[Terraform] Deleting previous VMs
[Terraform] Deleting only, skipping all.
[Script] Launching in flood mode
[Terraform] Launching terraform
[Terraform] Deleting previous VMs
[Terraform] Provisioning new VMs
[Error] No VMs were created. Please edit manually vm.txt and retry with -m.
Test batch completed: 1 (tot: 2 / 7)
[20250314-10_19_25] windows IPs: 
[20250314-10_19_25] checker IPs: 
Running test 2 of 7
[Script] Launching in checker mode
[Terraform] Launching terraform
[Terraform] Deleting previous VMs
[Terraform] Deleting only, skipping all.
[Script] Launching in flood mode
[Terraform] Launching terraform
[Terraform] Deleting previous VMs
[Terraform] Provisioning new VMs
[Error] No VMs were created. Please edit manually vm.txt and retry with -m.
Test batch completed: 2 (tot: 4 / 7)
[20250314-10_19_29] windows IPs: 
[20250314-10_19_29] checker IPs: 
Running test 3 of 7
[Script] Launching in checker mode
[Terraform] Launching terraform
[Terraform] Deleting previous VMs
[Terraform] Deleting only, skipping all.
[Script] Launching in flood mode
[Terraform] Launching terraform
[Terraform] Deleting previous VMs
[Terraform] Provisioning new VMs
[Error] No VMs were created. Please edit manually vm.txt and retry with -m.
Test batch completed: 3 (tot: 6 / 7)
[20250314-10_19_33] windows IPs: 
[20250314-10_19_33] checker IPs: 
Running test 4 of 7
[Script] Launching in checker mode
[Terraform] Launching terraform
[Terraform] Deleting previous VMs
[Terraform] Deleting only, skipping all.
[Script] Launching in flood mode
[Terraform] Launching terraform
[Terraform] Deleting previous VMs
[Terraform] Provisioning new VMs
[Error] No VMs were created. Please edit manually vm.txt and retry with -m.
Test batch completed: 4 (tot: 8 / 7)
[20250314-10_19_36] windows IPs: 
[20250314-10_19_36] checker IPs: 
Completed tests: 8 / 7
