Running 2 tests in 1 batches of 4 tests each...
Running test 1 of 2
[Script] Launching in checker mode
[Terraform] Launching terraform
[Terraform] Deleting previous VMs
[Terraform] Deleting only, skipping all.
[Script] Launching in flood mode
[Terraform] Launching terraform
[Terraform] Deleting previous VMs
[Terraform] Provisioning new VMs
[Error] No VMs were created. Please edit manually vm.txt and retry with -m.
[Script] Launching in checker mode
[Terraform] Launching terraform
[Terraform] Deleting previous VMs
[Terraform] Provisioning new VMs
vm_ids: 2113
vm_ips: 192.168.2.215
[Ansible] Launching ansible
[Script] Launching in checker mode
[Terraform] Launching terraform
[Terraform] Deleting previous VMs
[Terraform] Provisioning new VMs
[Error] No VMs were created. Please edit manually vm.txt and retry with -m.
[Script] Launching in checker mode
[Terraform] Launching terraform
[Terraform] Deleting previous VMs
[Terraform] Provisioning new VMs
vm_ids: 2110
vm_ips: 192.168.2.51
[Ansible] Launching ansible
Test batch completed: 1 (tot: 4 / 2)
[20250411-14_31_52] windows IPs: 
[20250411-14_31_52] checker IPs: 192.168.2.51
Completed tests: 4 / 2
