Running 6 tests in 3 batches of 2 tests each...
Running test 1 of 6
[Script] Launching in checker mode
[Terraform] Launching terraform
[Terraform] Deleting previous VMs
[Terraform] Deleting only, skipping all.
[Script] Launching in flood mode
[Terraform] Launching terraform
[Terraform] Deleting previous VMs
[Terraform] Provisioning new VMs
vm_ids: 2000
vm_ips: 192.168.2.67
vm_disk_to_check_name: "local-lvm:vm-2000-disk-21" = "pve21"
[Ansible] Launching ansible
[Script] Launching in checker mode
[Terraform] Launching terraform
[Terraform] Deleting previous VMs
[Terraform] Provisioning new VMs
vm_ids: 2110
vm_ips: 192.168.2.117
[Ansible] Launching ansible
Test batch completed: 1 (tot: 2 / 6)
[20250306-15_43_06] windows IPs: 192.168.2.67
[20250306-15_43_06] checker IPs: 192.168.2.117
Running test 2 of 6
[Script] Launching in checker mode
[Terraform] Launching terraform
[Terraform] Deleting previous VMs
[Terraform] Deleting only, skipping all.
[Script] Launching in flood mode
[Terraform] Launching terraform
[Terraform] Deleting previous VMs
[Terraform] Provisioning new VMs
[Error] No VMs were created. Please edit manually vm.txt and retry with -m.
Test batch completed: 2 (tot: 4 / 6)
[20250306-15_45_14] windows IPs: 
[20250306-15_45_14] checker IPs: 
Running test 3 of 6
[Script] Launching in checker mode
[Terraform] Launching terraform
[Terraform] Deleting previous VMs
[Terraform] Deleting only, skipping all.
[Script] Launching in flood mode
[Terraform] Launching terraform
[Terraform] Deleting previous VMs
[Terraform] Provisioning new VMs
vm_ids: 2000 2001
vm_ips: 192.168.2.71 192.168.2.180
vm_disk_to_check_name: "local-lvm:vm-2000-disk-21" = "pve21" "local-lvm:vm-2001-disk-0" = "pve22"
[Ansible] Launching ansible
Test batch completed: 3 (tot: 6 / 6)
[20250306-16_02_40] windows IPs: 192.168.2.71 192.168.2.180
[20250306-16_02_40] checker IPs: 
Completed tests: 6 / 6
