Running 7 tests in 7 batches of 1 tests each...
Running test 1 of 7
[Script] Launching in checker mode
[Terraform] Launching terraform
[Terraform] Deleting previous VMs
[Terraform] Deleting only, skipping all.
[Script] Launching in flood mode
[Terraform] Launching terraform
[Terraform] Deleting previous VMs
[Terraform] Provisioning new VMs
VM IPs: 192.168.2.67
VM IDs: 2000
Disk Names: "local-lvm:vm-2000-disk-20" = "pve21"
[Error] No VMs were created. Please edit manually vm.txt and retry with -m.
Test batch completed: 1 (tot: 1 / 7)
[20250122-12_27_13] windows IPs: 192.168.2.67
[20250122-12_27_13] checker IPs: 
Running test 2 of 7
[Script] Launching in checker mode
[Terraform] Launching terraform
[Terraform] Deleting previous VMs
[Terraform] Deleting only, skipping all.
[Script] Launching in flood mode
[Terraform] Launching terraform
[Terraform] Deleting previous VMs
[Terraform] Provisioning new VMs
VM IPs: 192.168.2.227
VM IDs: 2000
Disk Names: "local-lvm:vm-2000-disk-20" = "pve21"
[Error] No VMs were created. Please edit manually vm.txt and retry with -m.
Test batch completed: 2 (tot: 2 / 7)
[20250122-12_29_42] windows IPs: 192.168.2.227
[20250122-12_29_42] checker IPs: 
Running test 3 of 7
[Script] Launching in checker mode
[Terraform] Launching terraform
[Terraform] Deleting previous VMs
[Terraform] Deleting only, skipping all.
[Script] Launching in flood mode
[Terraform] Launching terraform
[Terraform] Deleting previous VMs
[Terraform] Provisioning new VMs
VM IPs: 192.168.2.186
VM IDs: 2000
Disk Names: "local-lvm:vm-2000-disk-20" = "pve21"
[Error] No VMs were created. Please edit manually vm.txt and retry with -m.
Test batch completed: 3 (tot: 3 / 7)
[20250122-12_32_11] windows IPs: 192.168.2.186
[20250122-12_32_11] checker IPs: 
Running test 4 of 7
[Script] Launching in checker mode
[Terraform] Launching terraform
[Terraform] Deleting previous VMs
[Terraform] Deleting only, skipping all.
[Script] Launching in flood mode
[Terraform] Launching terraform
[Terraform] Deleting previous VMs
[Terraform] Provisioning new VMs
[Error] No VMs were created. Please edit manually vm.txt and retry with -m.
Test batch completed: 4 (tot: 4 / 7)
[20250122-12_33_43] windows IPs: 
[20250122-12_33_43] checker IPs: 
Running test 5 of 7
[Script] Launching in checker mode
[Terraform] Launching terraform
[Terraform] Deleting previous VMs
[Terraform] Deleting only, skipping all.
