Running 5 tests in 3 batches of 2 tests each...
Running test 1 of 5
[Script] Launching in checker mode
[Terraform] Launching terraform
[Terraform] Deleting previous VMs
[Terraform] Deleting only, skipping all.
[Script] Launching in flood mode
[Terraform] Launching terraform
[Terraform] Deleting previous VMs
[Terraform] Provisioning new VMs
vm_ids: 2001 2000
vm_ips: 192.168.2.65 192.168.2.153
vm_disk_to_check_name: "local-lvm:vm-2001-disk-0" = "pve22" "local-lvm:vm-2000-disk-21" = "pve21"
[Ansible] Launching ansible
Test batch completed: 1 (tot: 2 / 5)
[20250312-11_21_25] windows IPs: 192.168.2.65 192.168.2.153
[20250312-11_21_25] checker IPs: 
Running test 2 of 5
[Script] Launching in checker mode
[Terraform] Launching terraform
[Terraform] Deleting previous VMs
[Terraform] Deleting only, skipping all.
[Script] Launching in flood mode
[Terraform] Launching terraform
[Terraform] Deleting previous VMs
[Terraform] Provisioning new VMs
vm_ids: 2000
vm_ips: 192.168.2.67
vm_disk_to_check_name: "local-lvm:vm-2000-disk-21" = "pve21"
[Ansible] Launching ansible
[Script] Launching in checker mode
[Terraform] Launching terraform
[Terraform] Deleting previous VMs
[Terraform] Provisioning new VMs
vm_ids: 2110
vm_ips: 192.168.2.156
[Ansible] Launching ansible
Test batch completed: 2 (tot: 4 / 5)
[20250312-11_38_54] windows IPs: 192.168.2.67
[20250312-11_38_54] checker IPs: 192.168.2.156
Running test 3 of 5
[Script] Launching in checker mode
[Terraform] Launching terraform
[Terraform] Deleting previous VMs
[Terraform] Deleting only, skipping all.
[Script] Launching in flood mode
[Terraform] Launching terraform
[Terraform] Deleting previous VMs
[Terraform] Provisioning new VMs
vm_ids: 2000
vm_ips: 192.168.2.239
vm_disk_to_check_name: "local-lvm:vm-2000-disk-21" = "pve21"
[Ansible] Launching ansible
[Script] Launching in checker mode
[Terraform] Launching terraform
[Terraform] Deleting previous VMs
[Terraform] Provisioning new VMs
vm_ids: 2110
vm_ips: 192.168.2.142
[Ansible] Launching ansible
Test batch completed: 3 (tot: 6 / 5)
[20250312-12_02_36] windows IPs: 192.168.2.239
[20250312-12_02_36] checker IPs: 192.168.2.142
Completed tests: 6 / 5
