Running 5 tests in 5 batches of 1 tests each...
Running test 1 of 5
[Script] Launching in checker mode
[Terraform] Launching terraform
[Terraform] Deleting previous VMs
[Terraform] Deleting only, skipping all.
[Script] Launching in flood mode
[Terraform] Launching terraform
[Terraform] Deleting previous VMs
[Terraform] Provisioning new VMs
vm_ids: 2000
vm_ips: 192.168.2.207
vm_disk_to_check_name: "local-lvm:vm-2000-disk-20" = "pve21"
[Ansible] Launching ansible
Test batch completed: 1 (tot: 1 / 5)
[20250127-11_09_20] windows IPs: 192.168.2.207
[20250127-11_09_20] checker IPs: 
Running test 2 of 5
[Script] Launching in checker mode
[Terraform] Launching terraform
[Terraform] Deleting previous VMs
[Terraform] Deleting only, skipping all.
[Script] Launching in flood mode
[Terraform] Launching terraform
[Terraform] Deleting previous VMs
[Terraform] Provisioning new VMs
vm_ids: 2000
vm_ips: 192.168.2.83
vm_disk_to_check_name: "local-lvm:vm-2000-disk-20" = "pve21"
[Ansible] Launching ansible
Test batch completed: 2 (tot: 2 / 5)
[20250127-11_15_28] windows IPs: 192.168.2.83
[20250127-11_15_28] checker IPs: 
Running test 3 of 5
[Script] Launching in checker mode
[Terraform] Launching terraform
[Terraform] Deleting previous VMs
[Terraform] Deleting only, skipping all.
[Script] Launching in flood mode
[Terraform] Launching terraform
[Terraform] Deleting previous VMs
[Terraform] Provisioning new VMs
vm_ids: 2000
vm_ips: 192.168.2.127
vm_disk_to_check_name: "local-lvm:vm-2000-disk-20" = "pve21"
[Ansible] Launching ansible
Test batch completed: 3 (tot: 3 / 5)
[20250127-11_29_03] windows IPs: 192.168.2.127
[20250127-11_29_03] checker IPs: 
Running test 4 of 5
[Script] Launching in checker mode
[Terraform] Launching terraform
[Terraform] Deleting previous VMs
[Terraform] Deleting only, skipping all.
[Script] Launching in flood mode
[Terraform] Launching terraform
[Terraform] Deleting previous VMs
