Running 8 tests in 2 batches of 4 tests each...
Running test 1 of 8
[Script] Launching in checker mode
[Terraform] Launching terraform
[Terraform] Deleting previous VMs
[Terraform] Deleting only, skipping all.
[Script] Launching in flood mode
[Terraform] Launching terraform
[Terraform] Deleting previous VMs
[Terraform] Provisioning new VMs
vm_ids: 2000
vm_ips: 192.168.2.216
vm_disk_to_check_name: "local-lvm:vm-2000-disk-21" = "pve21"
[Ansible] Launching ansible
[Script] Launching in checker mode
[Terraform] Launching terraform
[Terraform] Deleting previous VMs
[Terraform] Provisioning new VMs
vm_ids: 2110
vm_ips: 192.168.2.184
[Ansible] Launching ansible
Test batch completed: 1 (tot: 4 / 8)
[20250324-15_41_51] windows IPs: 192.168.2.216
[20250324-15_41_51] checker IPs: 192.168.2.184
Running test 2 of 8
[Script] Launching in checker mode
[Terraform] Launching terraform
[Terraform] Deleting previous VMs
[Terraform] Deleting only, skipping all.
[Script] Launching in flood mode
[Terraform] Launching terraform
[Terraform] Deleting previous VMs
[Terraform] Provisioning new VMs
vm_ids: 2000
vm_ips: 192.168.2.67
vm_disk_to_check_name: "local-lvm:vm-2000-disk-21" = "pve21"
[Ansible] Launching ansible
[Script] Launching in checker mode
[Terraform] Launching terraform
[Terraform] Deleting previous VMs
[Terraform] Provisioning new VMs
vm_ids: 2110
vm_ips: 192.168.2.161
[Ansible] Launching ansible
Test batch completed: 2 (tot: 8 / 8)
[20250324-16_03_54] windows IPs: 192.168.2.67
[20250324-16_03_54] checker IPs: 192.168.2.161
Completed tests: 8 / 8
