Running 5 tests in 5 batches of 1 tests each...
Running test 1 of 5
[Script] Launching in checker mode
[Terraform] Launching terraform
[Terraform] Deleting previous VMs
[Terraform] Deleting only, skipping all.
[Script] Launching in flood mode
[Terraform] Launching terraform
[Terraform] Deleting previous VMs
[Terraform] Provisioning new VMs
vm_ids: 2000
vm_ips: 192.168.2.67
vm_disk_to_check_name: "local-lvm:vm-2000-disk-20" = "pve21"
[Ansible] Launching ansible
Test batch completed: 1 (tot: 1 / 5)
[20250124-14_34_17] windows IPs: 192.168.2.67
[20250124-14_34_17] checker IPs: 
Running test 2 of 5
[Script] Launching in checker mode
[Terraform] Launching terraform
[Terraform] Deleting previous VMs
[Terraform] Deleting only, skipping all.
[Script] Launching in flood mode
[Terraform] Launching terraform
[Terraform] Deleting previous VMs
[Terraform] Provisioning new VMs
vm_ids: 2000
vm_ips: 192.168.2.237
vm_disk_to_check_name: "local-lvm:vm-2000-disk-20" = "pve21"
[Ansible] Launching ansible
Test batch completed: 2 (tot: 2 / 5)
[20250124-14_37_54] windows IPs: 192.168.2.237
[20250124-14_37_54] checker IPs: 
Running test 3 of 5
[Script] Launching in checker mode
[Terraform] Launching terraform
[Terraform] Deleting previous VMs
[Terraform] Deleting only, skipping all.
[Script] Launching in flood mode
[Terraform] Launching terraform
[Terraform] Deleting previous VMs
[Terraform] Provisioning new VMs
vm_ids: 2000
vm_ips: 192.168.2.160
vm_disk_to_check_name: "local-lvm:vm-2000-disk-20" = "pve21"
[Ansible] Launching ansible
Test batch completed: 3 (tot: 3 / 5)
[20250124-14_43_21] windows IPs: 192.168.2.160
[20250124-14_43_21] checker IPs: 
Running test 4 of 5
[Script] Launching in checker mode
[Terraform] Launching terraform
[Terraform] Deleting previous VMs
[Terraform] Deleting only, skipping all.
[Script] Launching in flood mode
[Terraform] Launching terraform
[Terraform] Deleting previous VMs
[Terraform] Provisioning new VMs
vm_ids: 2000
vm_ips: 192.168.2.184
vm_disk_to_check_name: "local-lvm:vm-2000-disk-20" = "pve21"
[Ansible] Launching ansible
Test batch completed: 4 (tot: 4 / 5)
[20250124-14_48_48] windows IPs: 192.168.2.184
[20250124-14_48_48] checker IPs: 
Running test 5 of 5
[Script] Launching in checker mode
[Terraform] Launching terraform
[Terraform] Deleting previous VMs
[Terraform] Deleting only, skipping all.
[Script] Launching in flood mode
[Terraform] Launching terraform
[Terraform] Deleting previous VMs
[Terraform] Provisioning new VMs
vm_ids: 2000
vm_ips: 192.168.2.167
vm_disk_to_check_name: "local-lvm:vm-2000-disk-20" = "pve21"
[Ansible] Launching ansible
Test batch completed: 5 (tot: 5 / 5)
[20250124-14_54_18] windows IPs: 192.168.2.167
[20250124-14_54_18] checker IPs: 
Completed tests: 5 / 5
