Running 10 tests in 5 batches of 2 tests each...
Running test 1 of 10
[Script] Launching in checker mode
[Terraform] Launching terraform
[Terraform] Deleting previous VMs
[Terraform] Deleting only, skipping all.
[Script] Launching in flood mode
[Terraform] Launching terraform
[Terraform] Deleting previous VMs
[Terraform] Provisioning new VMs
[Error] No VMs were created. Please edit manually vm.txt and retry with -m.
Test batch completed: 1 (tot: 2 / 10)
[20250313-14_19_07] windows IPs: 
[20250313-14_19_07] checker IPs: 
Running test 2 of 10
[Script] Launching in checker mode
[Terraform] Launching terraform
[Terraform] Deleting previous VMs
[Terraform] Deleting only, skipping all.
[Script] Launching in flood mode
[Terraform] Launching terraform
[Terraform] Deleting previous VMs
[Terraform] Provisioning new VMs
vm_ids: 2001 2000
vm_ips: 192.168.2.65 192.168.2.108
vm_disk_to_check_name: "local-lvm:vm-2001-disk-0" = "pve22" "local-lvm:vm-2000-disk-21" = "pve21"
[Ansible] Launching ansible
Test batch completed: 2 (tot: 4 / 10)
[20250313-14_36_31] windows IPs: 192.168.2.65 192.168.2.108
[20250313-14_36_31] checker IPs: 
Running test 3 of 10
[Script] Launching in checker mode
[Terraform] Launching terraform
[Terraform] Deleting previous VMs
[Terraform] Deleting only, skipping all.
[Script] Launching in flood mode
[Terraform] Launching terraform
[Terraform] Deleting previous VMs
[Terraform] Provisioning new VMs
vm_ids: 2001 2000
vm_ips: 192.168.2.65 192.168.2.67
vm_disk_to_check_name: "local-lvm:vm-2001-disk-0" = "pve22" "local-lvm:vm-2000-disk-21" = "pve21"
[Ansible] Launching ansible
Test batch completed: 3 (tot: 6 / 10)
[20250313-14_38_58] windows IPs: 192.168.2.65 192.168.2.67
[20250313-14_38_58] checker IPs: 
Running test 4 of 10
[Script] Launching in checker mode
[Terraform] Launching terraform
[Terraform] Deleting previous VMs
[Terraform] Deleting only, skipping all.
[Script] Launching in flood mode
[Terraform] Launching terraform
[Terraform] Deleting previous VMs
[Terraform] Provisioning new VMs
vm_ids: 2000
vm_ips: 192.168.2.224
vm_disk_to_check_name: "local-lvm:vm-2000-disk-21" = "pve21"
[Ansible] Launching ansible
[Script] Launching in checker mode
[Terraform] Launching terraform
[Terraform] Deleting previous VMs
[Terraform] Provisioning new VMs
vm_ids: 2110
vm_ips: 192.168.2.230
[Ansible] Launching ansible
Test batch completed: 4 (tot: 8 / 10)
[20250313-15_00_01] windows IPs: 192.168.2.224
[20250313-15_00_01] checker IPs: 192.168.2.230
Running test 5 of 10
[Script] Launching in checker mode
[Terraform] Launching terraform
[Terraform] Deleting previous VMs
[Terraform] Deleting only, skipping all.
[Script] Launching in flood mode
[Terraform] Launching terraform
[Terraform] Deleting previous VMs
[Terraform] Provisioning new VMs
vm_ids: 2000
vm_ips: 192.168.2.232
vm_disk_to_check_name: "local-lvm:vm-2000-disk-21" = "pve21"
[Ansible] Launching ansible
[Script] Launching in checker mode
[Terraform] Launching terraform
[Terraform] Deleting previous VMs
[Terraform] Provisioning new VMs
vm_ids: 2110
vm_ips: 192.168.2.150
[Ansible] Launching ansible
Test batch completed: 5 (tot: 10 / 10)
[20250313-15_20_09] windows IPs: 192.168.2.232
[20250313-15_20_09] checker IPs: 192.168.2.150
Completed tests: 10 / 10
