Running 10 tests in 10 batches of 1 tests each...
Running test 1 of 10
[Script] Launching in checker mode
[Terraform] Launching terraform
[Terraform] Deleting previous VMs
[Terraform] Deleting only, skipping all.
[Script] Launching in flood mode
[Terraform] Launching terraform
[Terraform] Deleting previous VMs
[Terraform] Provisioning new VMs
vm_ids: 2000
vm_ips: 192.168.2.67
vm_disk_to_check_name: "local-lvm:vm-2000-disk-20" = "pve21"
[Ansible] Launching ansible
[Script] Launching in checker mode
[Terraform] Launching terraform
[Terraform] Deleting previous VMs
[Terraform] Provisioning new VMs
vm_ids: 2110
vm_ips: 192.168.2.193
[Ansible] Launching ansible
Test batch completed: 1 (tot: 1 / 10)
[20250123-10_19_17] windows IPs: 192.168.2.67
[20250123-10_19_17] checker IPs: 192.168.2.193
Running test 2 of 10
[Script] Launching in checker mode
[Terraform] Launching terraform
[Terraform] Deleting previous VMs
[Terraform] Deleting only, skipping all.
[Script] Launching in flood mode
[Terraform] Launching terraform
[Terraform] Deleting previous VMs
[Terraform] Provisioning new VMs
vm_ids: 2000
vm_ips: 192.168.2.123
vm_disk_to_check_name: "local-lvm:vm-2000-disk-20" = "pve21"
[Ansible] Launching ansible
