Running 4 tests in 2 batches of 2 tests each...
Running test 1 of 4
[Script] Launching in checker mode
[Terraform] Launching terraform
[Terraform] Deleting previous VMs
[Terraform] Deleting only, skipping all.
[Script] Launching in flood mode
[Terraform] Launching terraform
[Terraform] Deleting previous VMs
[Terraform] Provisioning new VMs
[Error] No VMs were created. Please edit manually vm.txt and retry with -m.
Test batch completed: 1 (tot: 2 / 4)
[20250312-13_21_19] windows IPs: 
[20250312-13_21_19] checker IPs: 
Running test 2 of 4
[Script] Launching in checker mode
[Terraform] Launching terraform
[Terraform] Deleting previous VMs
[Terraform] Deleting only, skipping all.
[Script] Launching in flood mode
[Terraform] Launching terraform
[Terraform] Deleting previous VMs
[Terraform] Provisioning new VMs
vm_ids: 2000
vm_ips: 192.168.2.67
vm_disk_to_check_name: "local-lvm:vm-2000-disk-21" = "pve21"
[Ansible] Launching ansible
[Script] Launching in checker mode
[Terraform] Launching terraform
[Terraform] Deleting previous VMs
[Terraform] Provisioning new VMs
vm_ids: 2110
vm_ips: 192.168.2.45
[Ansible] Launching ansible
Test batch completed: 2 (tot: 4 / 4)
[20250312-13_38_24] windows IPs: 192.168.2.67
[20250312-13_38_24] checker IPs: 192.168.2.45
Completed tests: 4 / 4
