Running 4 tests in 2 batches of 2 tests each...
Running test 1 of 4
[Script] Launching in checker mode
[Terraform] Launching terraform
[Terraform] Deleting previous VMs
[Terraform] Deleting only, skipping all.
[Script] Launching in flood mode
[Terraform] Launching terraform
[Terraform] Deleting previous VMs
[Terraform] Provisioning new VMs
vm_ids: 2000
vm_ips: 192.168.2.41
vm_disk_to_check_name: "local-lvm:vm-2000-disk-21" = "pve21"
[Ansible] Launching ansible
Test batch completed: 1 (tot: 2 / 4)
[20250312-13_41_36] windows IPs: 192.168.2.41
[20250312-13_41_36] checker IPs: 
Running test 2 of 4
[Script] Launching in checker mode
[Terraform] Launching terraform
[Terraform] Deleting previous VMs
[Terraform] Deleting only, skipping all.
[Script] Launching in flood mode
[Terraform] Launching terraform
[Terraform] Deleting previous VMs
[Terraform] Provisioning new VMs
vm_ids: 2001
vm_ips: 192.168.2.209
vm_disk_to_check_name: "local-lvm:vm-2001-disk-0" = "pve22"
[Ansible] Launching ansible
[Script] Launching in checker mode
[Terraform] Launching terraform
[Terraform] Deleting previous VMs
[Terraform] Provisioning new VMs
vm_ids: 2110
vm_ips: 192.168.2.175
[Ansible] Launching ansible
Test batch completed: 2 (tot: 4 / 4)
[20250312-14_09_46] windows IPs: 192.168.2.209
[20250312-14_09_46] checker IPs: 192.168.2.175
Completed tests: 4 / 4
