Running 8 tests in 2 batches of 4 tests each...
Running test 1 of 8
[Script] Launching in checker mode
[Terraform] Launching terraform
[Terraform] Deleting previous VMs
[Terraform] Deleting only, skipping all.
[Script] Launching in flood mode
[Terraform] Launching terraform
[Terraform] Deleting previous VMs
[Terraform] Provisioning new VMs
vm_ids: 2000
vm_ips: 192.168.2.67
vm_disk_to_check_name: "local-lvm:vm-2000-disk-21" = "pve21"
[Ansible] Launching ansible
[Script] Launching in checker mode
[Terraform] Launching terraform
[Terraform] Deleting previous VMs
[Terraform] Provisioning new VMs
vm_ids: 2110
vm_ips: 192.168.2.223
[Ansible] Launching ansible
Test batch completed: 1 (tot: 4 / 8)
[20250325-11_25_34] windows IPs: 192.168.2.67
[20250325-11_25_34] checker IPs: 192.168.2.223
Running test 2 of 8
[Script] Launching in checker mode
[Terraform] Launching terraform
[Terraform] Deleting previous VMs
[Terraform] Deleting only, skipping all.
[Script] Launching in flood mode
[Terraform] Launching terraform
[Terraform] Deleting previous VMs
[Terraform] Provisioning new VMs
vm_ids: 2000
vm_ips: 192.168.2.54
vm_disk_to_check_name: "local-lvm:vm-2000-disk-21" = "pve21"
[Ansible] Launching ansible
Test batch completed: 2 (tot: 8 / 8)
[20250325-11_42_36] windows IPs: 192.168.2.54
[20250325-11_42_36] checker IPs: 
Completed tests: 8 / 8
