Running 5 tests in 3 batches of 2 tests each...
Running test 1 of 5
[Script] Launching in checker mode
[Terraform] Launching terraform
[Terraform] Deleting previous VMs
[Terraform] Deleting only, skipping all.
[Script] Launching in flood mode
[Terraform] Launching terraform
[Terraform] Deleting previous VMs
[Terraform] Provisioning new VMs
vm_ids: 2000
vm_ips: 192.168.2.25
vm_disk_to_check_name: "local-lvm:vm-2000-disk-21" = "pve21"
[Ansible] Launching ansible
Test batch completed: 1 (tot: 2 / 5)
[20250314-13_32_18] windows IPs: 192.168.2.25
[20250314-13_32_18] checker IPs: 
Running test 2 of 5
[Script] Launching in checker mode
[Terraform] Launching terraform
[Terraform] Deleting previous VMs
[Terraform] Deleting only, skipping all.
[Script] Launching in flood mode
[Terraform] Launching terraform
[Terraform] Deleting previous VMs
[Terraform] Provisioning new VMs
