Running 8 tests in 2 batches of 4 tests each...
Running test 1 of 8
[Script] Launching in checker mode
[Terraform] Launching terraform
[Terraform] Deleting previous VMs
[Terraform] Deleting only, skipping all.
[Script] Launching in flood mode
[Terraform] Launching terraform
[Terraform] Deleting previous VMs
[Terraform] Provisioning new VMs
vm_ids: 2000
vm_ips: 192.168.2.67
vm_disk_to_check_name: "local-lvm:vm-2000-disk-21" = "pve21"
[Ansible] Launching ansible
[Script] Launching in checker mode
[Terraform] Launching terraform
[Terraform] Deleting previous VMs
[Terraform] Provisioning new VMs
vm_ids: 2110
vm_ips: 192.168.2.108
[Ansible] Launching ansible
Test batch completed: 1 (tot: 4 / 8)
[20250324-13_51_53] windows IPs: 192.168.2.67
[20250324-13_51_53] checker IPs: 192.168.2.108
Running test 2 of 8
[Script] Launching in checker mode
[Terraform] Launching terraform
[Terraform] Deleting previous VMs
[Terraform] Deleting only, skipping all.
[Script] Launching in flood mode
[Terraform] Launching terraform
[Terraform] Deleting previous VMs
[Terraform] Provisioning new VMs
vm_ids: 2000
vm_ips: 192.168.2.105
vm_disk_to_check_name: "local-lvm:vm-2000-disk-21" = "pve21"
[Ansible] Launching ansible
[Script] Launching in checker mode
[Terraform] Launching terraform
[Terraform] Deleting previous VMs
[Terraform] Provisioning new VMs
vm_ids: 2110
vm_ips: 192.168.2.68
[Ansible] Launching ansible
Test batch completed: 2 (tot: 8 / 8)
[20250324-14_13_17] windows IPs: 192.168.2.105
[20250324-14_13_17] checker IPs: 192.168.2.68
Completed tests: 8 / 8
