Running 10 tests in 10 batches of 1 tests each...
Running test 1 of 10
[Script] Launching in checker mode
[Terraform] Launching terraform
[Terraform] Deleting previous VMs
[Terraform] Deleting only, skipping all.
[Script] Launching in flood mode
[Terraform] Launching terraform
[Terraform] Deleting previous VMs
[Terraform] Provisioning new VMs
[Error] No VMs were created. Please edit manually vm.txt and retry with -m.
Test batch completed: 1 (tot: 1 / 10)
[20250123-12_25_26] windows IPs: 
[20250123-12_25_26] checker IPs: 
Running test 2 of 10
[Script] Launching in checker mode
[Terraform] Launching terraform
[Terraform] Deleting previous VMs
[Terraform] Deleting only, skipping all.
[Script] Launching in flood mode
[Terraform] Launching terraform
[Terraform] Deleting previous VMs
[Terraform] Provisioning new VMs
