Running 2 tests in 1 batches of 4 tests each...
Running test 1 of 2
[Script] Launching in checker mode
[Terraform] Launching terraform
[Terraform] Deleting previous VMs
[Terraform] Deleting only, skipping all.
[Script] Launching in flood mode
[Terraform] Launching terraform
[Terraform] Deleting previous VMs
[Terraform] Provisioning new VMs
vm_ids: 2000
vm_ips: 192.168.2.67
vm_disk_to_check_name: "local-lvm:vm-2000-disk-21" = "pve21"
[Ansible] Launching ansible
[Script] Launching in checker mode
[Terraform] Launching terraform
[Terraform] Deleting previous VMs
[Terraform] Provisioning new VMs
vm_ids: 2110
vm_ips: 192.168.2.49
[Ansible] Launching ansible
Test batch completed: 1 (tot: 4 / 2)
[20250324-13_02_30] windows IPs: 192.168.2.67
[20250324-13_02_30] checker IPs: 192.168.2.49
Completed tests: 4 / 2
